<?xml version="1.0" encoding="UTF-8"?>
<!-- Generated by org.testng.reporters.JUnitReportReporter -->
<testsuite hostname="L1152" failures="0" tests="2" name="com.mystore.testCases.LoginPageTest" time="40.147" errors="0" timestamp="2022-07-15T12:58:12 IST" skipped="0">
  <testcase classname="com.mystore.testCases.LoginPageTest" name="loginTest" time="18.656"/>
  <system-out/>
  <testcase classname="com.mystore.testCases.LoginPageTest" name="loginTest" time="21.491"/>
  <system-out/>
</testsuite> <!-- com.mystore.testCases.LoginPageTest -->
