<?xml version="1.0" encoding="UTF-8"?>
<!-- Generated by org.testng.reporters.JUnitReportReporter -->
<testsuite hostname="L1152" failures="0" tests="1" name="com.mystore.testCases.AccountCreationPageTest" time="16.618" errors="0" timestamp="2022-07-15T12:58:12 IST" skipped="0">
  <testcase classname="com.mystore.testCases.AccountCreationPageTest" name="createAccountPage" time="16.618"/>
  <system-out/>
</testsuite> <!-- com.mystore.testCases.AccountCreationPageTest -->
