<?xml version="1.0" encoding="UTF-8"?>
<!-- Generated by org.testng.reporters.JUnitReportReporter -->
<testsuite hostname="L1152" failures="0" tests="1" name="com.mystore.testCases.OrderPageTest" time="49.620" errors="0" timestamp="2022-07-14T17:24:43 IST" skipped="0">
  <testcase classname="com.mystore.testCases.OrderPageTest" name="verifyTotalPrice" time="49.620"/>
  <system-out/>
</testsuite> <!-- com.mystore.testCases.OrderPageTest -->
